Deep Probe Experiment Started: Sat Jan  3 03:10:37 EST 2026
[INFO] Scanning for projects...
[INFO] 
[INFO] ---------------< com.emergent.doom:emergent-doom-engine >---------------
[INFO] Building Emergent Doom Engine 0.2.1-alpha
[INFO]   from pom.xml
[INFO] --------------------------------[ jar ]---------------------------------
[INFO] 
[INFO] --- clean:3.2.0:clean (default-clean) @ emergent-doom-engine ---
[INFO] Deleting /Users/velocityworks/IdeaProjects/emergent-doom-engine/target
[INFO] 
[INFO] --- build-helper:3.3.0:add-source (add-source) @ emergent-doom-engine ---
[INFO] Source directory: /Users/velocityworks/IdeaProjects/emergent-doom-engine/lab/experiment-095 added.
[INFO] 
[INFO] --- resources:3.3.1:resources (default-resources) @ emergent-doom-engine ---
[INFO] skip non existing resourceDirectory /Users/velocityworks/IdeaProjects/emergent-doom-engine/src/main/resources
[INFO] 
[INFO] --- compiler:3.11.0:compile (default-compile) @ emergent-doom-engine ---
[INFO] Changes detected - recompiling the module! :source
[INFO] Compiling 112 source files with javac [debug release 11] to target/classes
[INFO] /Users/velocityworks/IdeaProjects/emergent-doom-engine/src/main/java/com/emergent/doom/metrics/DelayedGratificationIndex.java: Some input files use or override a deprecated API.
[INFO] /Users/velocityworks/IdeaProjects/emergent-doom-engine/src/main/java/com/emergent/doom/metrics/DelayedGratificationIndex.java: Recompile with -Xlint:deprecation for details.
[INFO] /Users/velocityworks/IdeaProjects/emergent-doom-engine/src/main/java/com/emergent/doom/metrics/SortednessValue.java: Some input files use unchecked or unsafe operations.
[INFO] /Users/velocityworks/IdeaProjects/emergent-doom-engine/src/main/java/com/emergent/doom/metrics/SortednessValue.java: Recompile with -Xlint:unchecked for details.
[INFO] 
[INFO] --- resources:3.3.1:testResources (default-testResources) @ emergent-doom-engine ---
[INFO] skip non existing resourceDirectory /Users/velocityworks/IdeaProjects/emergent-doom-engine/src/test/resources
[INFO] 
[INFO] --- compiler:3.11.0:testCompile (default-testCompile) @ emergent-doom-engine ---
[INFO] Changes detected - recompiling the module! :dependency
[INFO] Compiling 19 source files with javac [debug release 11] to target/test-classes
[INFO] /Users/velocityworks/IdeaProjects/emergent-doom-engine/src/test/java/com/emergent/doom/execution/ParallelExecutionEngineTest.java: Some input files use or override a deprecated API.
[INFO] /Users/velocityworks/IdeaProjects/emergent-doom-engine/src/test/java/com/emergent/doom/execution/ParallelExecutionEngineTest.java: Recompile with -Xlint:deprecation for details.
[INFO] 
[INFO] --- surefire:3.0.0-M9:test (default-test) @ emergent-doom-engine ---
[INFO] Tests are skipped.
[INFO] 
[INFO] --- jar:3.3.0:jar (default-jar) @ emergent-doom-engine ---
[INFO] Building jar: /Users/velocityworks/IdeaProjects/emergent-doom-engine/target/emergent-doom-engine-0.2.1-alpha.jar
[INFO] ------------------------------------------------------------------------
[INFO] BUILD SUCCESS
[INFO] ------------------------------------------------------------------------
[INFO] Total time:  1.846 s
[INFO] Finished at: 2026-01-03T03:10:40-05:00
[INFO] ------------------------------------------------------------------------
Testing target: 100697 (Trials: 10, ArraySize: 500, Threads: 4)
Emergent Doom Engine - Factorization Experiment
============================================================
Running 10 trials per target using the new batch parallelism model (maxSteps=50000, stableSteps=3)...

Trial Setup:
Target: 100697
Trials: 10, Array Size: 500
Algorithm Type Distribution (Sample Trial):
  BUBBLE:    167
  INSERTION: 183
  SELECTION: 150
  Total:     500
------------------------------------------------------------
Target=100697, factorFound=true, MeanSteps=794.90, ConvRate=100.0%
Factor discovered at position: 101

Runtime Behavior Summary (by Algo Type):
| Metric         | BUBBLE      | INSERTION   | SELECTION   | Total/Mean  |
|----------------|-------------|-------------|-------------|-------------|
| Cell Count     | 178         | 164         | 158         | 500         |
| Mean Steps     | --          | --          | --          | 794.90      |
| Conv. Rate     | --          | --          | --          | 100.0      % |
| Monotonicity   | --          | --          | --          | 130.0000    |
| Sortedness     | --          | --          | --          | 0.8600      |

Experiment Results Summary
============================================================
Trials:           10
Convergence Rate: 100.0%
Mean Steps:       794.90

Metrics:
  Sortedness: 0.86 ± 0.62
  Monotonicity: 130.00 ± 19.14


Experiment complete!
------------------------------------------------------------
Testing target: 100697 (Trials: 10, ArraySize: 1000, Threads: 4)
Emergent Doom Engine - Factorization Experiment
============================================================
Running 10 trials per target using the new batch parallelism model (maxSteps=50000, stableSteps=3)...

Trial Setup:
Target: 100697
Trials: 10, Array Size: 1000
Algorithm Type Distribution (Sample Trial):
  BUBBLE:    332
  INSERTION: 349
  SELECTION: 319
  Total:     1000
------------------------------------------------------------
Target=100697, factorFound=true, MeanSteps=2612.40, ConvRate=100.0%
Factor discovered at position: 101

Runtime Behavior Summary (by Algo Type):
| Metric         | BUBBLE      | INSERTION   | SELECTION   | Total/Mean  |
|----------------|-------------|-------------|-------------|-------------|
| Cell Count     | 348         | 314         | 338         | 1000        |
| Mean Steps     | --          | --          | --          | 2612.40     |
| Conv. Rate     | --          | --          | --          | 100.0      % |
| Monotonicity   | --          | --          | --          | 248.7000    |
| Sortedness     | --          | --          | --          | 0.9200      |

Experiment Results Summary
============================================================
Trials:           10
Convergence Rate: 100.0%
Mean Steps:       2612.40

Metrics:
  Sortedness: 0.92 ± 2.01
  Monotonicity: 248.70 ± 25.40


Experiment complete!
------------------------------------------------------------
Testing target: 100697 (Trials: 10, ArraySize: 2000, Threads: 4)
